# JRE version: Java(TM) SE Runtime Environment (8.0_231-b11) (build 1.8.0_231-b11)
# Java VM: Java HotSpot(TM) 64-Bit Server VM (25.231-b11 mixed mode windows-amd64 compressed oops)
Heap:
 PSYoungGen      total 98304K, used 14919K [0x00000000d5c00000, 0x00000000dc900000, 0x0000000100000000)
  eden space 88064K, 5% used [0x00000000d5c00000,0x00000000d60e8380,0x00000000db200000)
  from space 10240K, 96% used [0x00000000dbd00000,0x00000000dc6a99d8,0x00000000dc700000)
  to   space 11264K, 0% used [0x00000000db200000,0x00000000db200000,0x00000000dbd00000)
 ParOldGen       total 59904K, used 9043K [0x0000000081400000, 0x0000000084e80000, 0x00000000d5c00000)
  object space 59904K, 15% used [0x0000000081400000,0x0000000081cd4e58,0x0000000084e80000)
 Metaspace       used 33533K, capacity 34752K, committed 34992K, reserved 1079296K
  class space    used 4653K, capacity 4934K, committed 5040K, reserved 1048576K
GC Heap History (10 events):
Event: 4.049 GC heap before
{Heap before GC invocations=7 (full 1):
 PSYoungGen      total 38400K, used 33280K [0x00000000d5c00000, 0x00000000dae00000, 0x0000000100000000)
  eden space 33280K, 100% used [0x00000000d5c00000,0x00000000d7c80000,0x00000000d7c80000)
  from space 5120K, 0% used [0x00000000d7c80000,0x00000000d7c80000,0x00000000d8180000)
  to   space 8704K, 0% used [0x00000000da580000,0x00000000da580000,0x00000000dae00000)
 ParOldGen       total 59904K, used 7347K [0x0000000081400000, 0x0000000084e80000, 0x00000000d5c00000)
  object space 59904K, 12% used [0x0000000081400000,0x0000000081b2cea8,0x0000000084e80000)
 Metaspace       used 23949K, capacity 24604K, committed 24752K, reserved 1071104K
  class space    used 3271K, capacity 3436K, committed 3504K, reserved 1048576K
Event: 4.055 GC heap after
Heap after GC invocations=7 (full 1):
 PSYoungGen      total 53248K, used 3477K [0x00000000d5c00000, 0x00000000da900000, 0x0000000100000000)
  eden space 49664K, 0% used [0x00000000d5c00000,0x00000000d5c00000,0x00000000d8c80000)
  from space 3584K, 97% used [0x00000000da580000,0x00000000da8e56f0,0x00000000da900000)
  to   space 8704K, 0% used [0x00000000d9800000,0x00000000d9800000,0x00000000da080000)
 ParOldGen       total 59904K, used 7355K [0x0000000081400000, 0x0000000084e80000, 0x00000000d5c00000)
  object space 59904K, 12% used [0x0000000081400000,0x0000000081b2eea8,0x0000000084e80000)
 Metaspace       used 23949K, capacity 24604K, committed 24752K, reserved 1071104K
  class space    used 3271K, capacity 3436K, committed 3504K, reserved 1048576K
}
Event: 4.730 GC heap before
{Heap before GC invocations=8 (full 1):
 PSYoungGen      total 53248K, used 53141K [0x00000000d5c00000, 0x00000000da900000, 0x0000000100000000)
  eden space 49664K, 100% used [0x00000000d5c00000,0x00000000d8c80000,0x00000000d8c80000)
  from space 3584K, 97% used [0x00000000da580000,0x00000000da8e56f0,0x00000000da900000)
  to   space 8704K, 0% used [0x00000000d9800000,0x00000000d9800000,0x00000000da080000)
 ParOldGen       total 59904K, used 7355K [0x0000000081400000, 0x0000000084e80000, 0x00000000d5c00000)
  object space 59904K, 12% used [0x0000000081400000,0x0000000081b2eea8,0x0000000084e80000)
 Metaspace       used 26515K, capacity 27174K, committed 27440K, reserved 1073152K
  class space    used 3664K, capacity 3803K, committed 3888K, reserved 1048576K
Event: 4.735 GC heap after
Heap after GC invocations=8 (full 1):
 PSYoungGen      total 70144K, used 3454K [0x00000000d5c00000, 0x00000000db500000, 0x0000000100000000)
  eden space 61440K, 0% used [0x00000000d5c00000,0x00000000d5c00000,0x00000000d9800000)
  from space 8704K, 39% used [0x00000000d9800000,0x00000000d9b5faa0,0x00000000da080000)
  to   space 9216K, 0% used [0x00000000dac00000,0x00000000dac00000,0x00000000db500000)
 ParOldGen       total 59904K, used 7363K [0x0000000081400000, 0x0000000084e80000, 0x00000000d5c00000)
  object space 59904K, 12% used [0x0000000081400000,0x0000000081b30ea8,0x0000000084e80000)
 Metaspace       used 26515K, capacity 27174K, committed 27440K, reserved 1073152K
  class space    used 3664K, capacity 3803K, committed 3888K, reserved 1048576K
}
Event: 7.768 GC heap before
{Heap before GC invocations=9 (full 1):
 PSYoungGen      total 70144K, used 64894K [0x00000000d5c00000, 0x00000000db500000, 0x0000000100000000)
  eden space 61440K, 100% used [0x00000000d5c00000,0x00000000d9800000,0x00000000d9800000)
  from space 8704K, 39% used [0x00000000d9800000,0x00000000d9b5faa0,0x00000000da080000)
  to   space 9216K, 0% used [0x00000000dac00000,0x00000000dac00000,0x00000000db500000)
 ParOldGen       total 59904K, used 7363K [0x0000000081400000, 0x0000000084e80000, 0x00000000d5c00000)
  object space 59904K, 12% used [0x0000000081400000,0x0000000081b30ea8,0x0000000084e80000)
 Metaspace       used 31363K, capacity 32492K, committed 32688K, reserved 1077248K
  class space    used 4396K, capacity 4664K, committed 4784K, reserved 1048576K
Event: 7.775 GC heap after
Heap after GC invocations=9 (full 1):
 PSYoungGen      total 82432K, used 5902K [0x00000000d5c00000, 0x00000000dc200000, 0x0000000100000000)
  eden space 73216K, 0% used [0x00000000d5c00000,0x00000000d5c00000,0x00000000da380000)
  from space 9216K, 64% used [0x00000000dac00000,0x00000000db1c3890,0x00000000db500000)
  to   space 8704K, 0% used [0x00000000da380000,0x00000000da380000,0x00000000dac00000)
 ParOldGen       total 59904K, used 7371K [0x0000000081400000, 0x0000000084e80000, 0x00000000d5c00000)
  object space 59904K, 12% used [0x0000000081400000,0x0000000081b32ea8,0x0000000084e80000)
 Metaspace       used 31363K, capacity 32492K, committed 32688K, reserved 1077248K
  class space    used 4396K, capacity 4664K, committed 4784K, reserved 1048576K
}
Event: 16.661 GC heap before
{Heap before GC invocations=10 (full 1):
 PSYoungGen      total 82432K, used 79118K [0x00000000d5c00000, 0x00000000dc200000, 0x0000000100000000)
  eden space 73216K, 100% used [0x00000000d5c00000,0x00000000da380000,0x00000000da380000)
  from space 9216K, 64% used [0x00000000dac00000,0x00000000db1c3890,0x00000000db500000)
  to   space 8704K, 0% used [0x00000000da380000,0x00000000da380000,0x00000000dac00000)
 ParOldGen       total 59904K, used 7371K [0x0000000081400000, 0x0000000084e80000, 0x00000000d5c00000)
  object space 59904K, 12% used [0x0000000081400000,0x0000000081b32ea8,0x0000000084e80000)
 Metaspace       used 32333K, capacity 33580K, committed 33712K, reserved 1079296K
  class space    used 4514K, capacity 4784K, committed 4784K, reserved 1048576K
Event: 16.670 GC heap after
Heap after GC invocations=10 (full 1):
 PSYoungGen      total 81920K, used 8696K [0x00000000d5c00000, 0x00000000dc700000, 0x0000000100000000)
  eden space 73216K, 0% used [0x00000000d5c00000,0x00000000d5c00000,0x00000000da380000)
  from space 8704K, 99% used [0x00000000da380000,0x00000000dabfe0a8,0x00000000dac00000)
  to   space 10240K, 0% used [0x00000000dbd00000,0x00000000dbd00000,0x00000000dc700000)
 ParOldGen       total 59904K, used 9035K [0x0000000081400000, 0x0000000084e80000, 0x00000000d5c00000)
  object space 59904K, 15% used [0x0000000081400000,0x0000000081cd2e58,0x0000000084e80000)
 Metaspace       used 32333K, capacity 33580K, committed 33712K, reserved 1079296K
  class space    used 4514K, capacity 4784K, committed 4784K, reserved 1048576K
}
Event: 17.995 GC heap before
{Heap before GC invocations=11 (full 1):
 PSYoungGen      total 81920K, used 80854K [0x00000000d5c00000, 0x00000000dc700000, 0x0000000100000000)
  eden space 73216K, 98% used [0x00000000d5c00000,0x00000000da277b40,0x00000000da380000)
  from space 8704K, 99% used [0x00000000da380000,0x00000000dabfe0a8,0x00000000dac00000)
  to   space 10240K, 0% used [0x00000000dbd00000,0x00000000dbd00000,0x00000000dc700000)
 ParOldGen       total 59904K, used 9035K [0x0000000081400000, 0x0000000084e80000, 0x00000000d5c00000)
  object space 59904K, 15% used [0x0000000081400000,0x0000000081cd2e58,0x0000000084e80000)
 Metaspace       used 33484K, capacity 34654K, committed 34992K, reserved 1079296K
  class space    used 4649K, capacity 4929K, committed 5040K, reserved 1048576K
Event: 18.005 GC heap after
Heap after GC invocations=11 (full 1):
 PSYoungGen      total 98304K, used 9894K [0x00000000d5c00000, 0x00000000dc900000, 0x0000000100000000)
  eden space 88064K, 0% used [0x00000000d5c00000,0x00000000d5c00000,0x00000000db200000)
  from space 10240K, 96% used [0x00000000dbd00000,0x00000000dc6a99d8,0x00000000dc700000)
  to   space 11264K, 0% used [0x00000000db200000,0x00000000db200000,0x00000000dbd00000)
 ParOldGen       total 59904K, used 9043K [0x0000000081400000, 0x0000000084e80000, 0x00000000d5c00000)
  object space 59904K, 15% used [0x0000000081400000,0x0000000081cd4e58,0x0000000084e80000)
 Metaspace       used 33484K, capacity 34654K, committed 34992K, reserved 1079296K
  class space    used 4649K, capacity 4929K, committed 5040K, reserved 1048576K
}

