# JRE version: Java(TM) SE Runtime Environment (8.0_231-b11) (build 1.8.0_231-b11)
# Java VM: Java HotSpot(TM) 64-Bit Server VM (25.231-b11 mixed mode windows-amd64 compressed oops)
Heap:
 PSYoungGen      total 84480K, used 26715K [0x00000000d5c00000, 0x00000000dca00000, 0x0000000100000000)
  eden space 75776K, 24% used [0x00000000d5c00000,0x00000000d6e2bd08,0x00000000da600000)
  from space 8704K, 93% used [0x00000000da600000,0x00000000dadeb098,0x00000000dae80000)
  to   space 9728K, 0% used [0x00000000dc080000,0x00000000dc080000,0x00000000dca00000)
 ParOldGen       total 59392K, used 9697K [0x0000000081400000, 0x0000000084e00000, 0x00000000d5c00000)
  object space 59392K, 16% used [0x0000000081400000,0x0000000081d78608,0x0000000084e00000)
 Metaspace       used 33390K, capacity 34590K, committed 34736K, reserved 1079296K
  class space    used 4642K, capacity 4927K, committed 5040K, reserved 1048576K
GC Heap History (10 events):
Event: 3.339 GC heap before
{Heap before GC invocations=6 (full 1):
 PSYoungGen      total 38400K, used 5115K [0x00000000d5c00000, 0x00000000dae00000, 0x0000000100000000)
  eden space 33280K, 0% used [0x00000000d5c00000,0x00000000d5c00000,0x00000000d7c80000)
  from space 5120K, 99% used [0x00000000d7c80000,0x00000000d817ee20,0x00000000d8180000)
  to   space 8704K, 0% used [0x00000000da580000,0x00000000da580000,0x00000000dae00000)
 ParOldGen       total 87552K, used 5527K [0x0000000081400000, 0x0000000086980000, 0x00000000d5c00000)
  object space 87552K, 6% used [0x0000000081400000,0x0000000081965e28,0x0000000086980000)
 Metaspace       used 20800K, capacity 21282K, committed 21296K, reserved 1067008K
  class space    used 2749K, capacity 2861K, committed 2864K, reserved 1048576K
Event: 3.375 GC heap after
Heap after GC invocations=6 (full 1):
 PSYoungGen      total 38400K, used 0K [0x00000000d5c00000, 0x00000000dae00000, 0x0000000100000000)
  eden space 33280K, 0% used [0x00000000d5c00000,0x00000000d5c00000,0x00000000d7c80000)
  from space 5120K, 0% used [0x00000000d7c80000,0x00000000d7c80000,0x00000000d8180000)
  to   space 8704K, 0% used [0x00000000da580000,0x00000000da580000,0x00000000dae00000)
 ParOldGen       total 59392K, used 7369K [0x0000000081400000, 0x0000000084e00000, 0x00000000d5c00000)
  object space 59392K, 12% used [0x0000000081400000,0x0000000081b325f8,0x0000000084e00000)
 Metaspace       used 20800K, capacity 21282K, committed 21296K, reserved 1067008K
  class space    used 2749K, capacity 2861K, committed 2864K, reserved 1048576K
}
Event: 4.097 GC heap before
{Heap before GC invocations=7 (full 1):
 PSYoungGen      total 38400K, used 33280K [0x00000000d5c00000, 0x00000000dae00000, 0x0000000100000000)
  eden space 33280K, 100% used [0x00000000d5c00000,0x00000000d7c80000,0x00000000d7c80000)
  from space 5120K, 0% used [0x00000000d7c80000,0x00000000d7c80000,0x00000000d8180000)
  to   space 8704K, 0% used [0x00000000da580000,0x00000000da580000,0x00000000dae00000)
 ParOldGen       total 59392K, used 7369K [0x0000000081400000, 0x0000000084e00000, 0x00000000d5c00000)
  object space 59392K, 12% used [0x0000000081400000,0x0000000081b325f8,0x0000000084e00000)
 Metaspace       used 23948K, capacity 24596K, committed 24752K, reserved 1071104K
  class space    used 3274K, capacity 3436K, committed 3504K, reserved 1048576K
Event: 4.102 GC heap after
Heap after GC invocations=7 (full 1):
 PSYoungGen      total 53760K, used 3395K [0x00000000d5c00000, 0x00000000da900000, 0x0000000100000000)
  eden space 50176K, 0% used [0x00000000d5c00000,0x00000000d5c00000,0x00000000d8d00000)
  from space 3584K, 94% used [0x00000000da580000,0x00000000da8d0cf0,0x00000000da900000)
  to   space 9216K, 0% used [0x00000000d9700000,0x00000000d9700000,0x00000000da000000)
 ParOldGen       total 59392K, used 7377K [0x0000000081400000, 0x0000000084e00000, 0x00000000d5c00000)
  object space 59392K, 12% used [0x0000000081400000,0x0000000081b345f8,0x0000000084e00000)
 Metaspace       used 23948K, capacity 24596K, committed 24752K, reserved 1071104K
  class space    used 3274K, capacity 3436K, committed 3504K, reserved 1048576K
}
Event: 4.804 GC heap before
{Heap before GC invocations=8 (full 1):
 PSYoungGen      total 53760K, used 53571K [0x00000000d5c00000, 0x00000000da900000, 0x0000000100000000)
  eden space 50176K, 100% used [0x00000000d5c00000,0x00000000d8d00000,0x00000000d8d00000)
  from space 3584K, 94% used [0x00000000da580000,0x00000000da8d0cf0,0x00000000da900000)
  to   space 9216K, 0% used [0x00000000d9700000,0x00000000d9700000,0x00000000da000000)
 ParOldGen       total 59392K, used 7377K [0x0000000081400000, 0x0000000084e00000, 0x00000000d5c00000)
  object space 59392K, 12% used [0x0000000081400000,0x0000000081b345f8,0x0000000084e00000)
 Metaspace       used 26528K, capacity 27102K, committed 27440K, reserved 1073152K
  class space    used 3666K, capacity 3803K, committed 3888K, reserved 1048576K
Event: 4.811 GC heap after
Heap after GC invocations=8 (full 1):
 PSYoungGen      total 69632K, used 3661K [0x00000000d5c00000, 0x00000000db780000, 0x0000000100000000)
  eden space 60416K, 0% used [0x00000000d5c00000,0x00000000d5c00000,0x00000000d9700000)
  from space 9216K, 39% used [0x00000000d9700000,0x00000000d9a93430,0x00000000da000000)
  to   space 9216K, 0% used [0x00000000dae80000,0x00000000dae80000,0x00000000db780000)
 ParOldGen       total 59392K, used 7377K [0x0000000081400000, 0x0000000084e00000, 0x00000000d5c00000)
  object space 59392K, 12% used [0x0000000081400000,0x0000000081b345f8,0x0000000084e00000)
 Metaspace       used 26528K, capacity 27102K, committed 27440K, reserved 1073152K
  class space    used 3666K, capacity 3803K, committed 3888K, reserved 1048576K
}
Event: 7.746 GC heap before
{Heap before GC invocations=9 (full 1):
 PSYoungGen      total 69632K, used 64077K [0x00000000d5c00000, 0x00000000db780000, 0x0000000100000000)
  eden space 60416K, 100% used [0x00000000d5c00000,0x00000000d9700000,0x00000000d9700000)
  from space 9216K, 39% used [0x00000000d9700000,0x00000000d9a93430,0x00000000da000000)
  to   space 9216K, 0% used [0x00000000dae80000,0x00000000dae80000,0x00000000db780000)
 ParOldGen       total 59392K, used 7377K [0x0000000081400000, 0x0000000084e00000, 0x00000000d5c00000)
  object space 59392K, 12% used [0x0000000081400000,0x0000000081b345f8,0x0000000084e00000)
 Metaspace       used 31356K, capacity 32460K, committed 32560K, reserved 1077248K
  class space    used 4394K, capacity 4632K, committed 4656K, reserved 1048576K
Event: 7.753 GC heap after
Heap after GC invocations=9 (full 1):
 PSYoungGen      total 84992K, used 5870K [0x00000000d5c00000, 0x00000000dc280000, 0x0000000100000000)
  eden space 75776K, 0% used [0x00000000d5c00000,0x00000000d5c00000,0x00000000da600000)
  from space 9216K, 63% used [0x00000000dae80000,0x00000000db43b890,0x00000000db780000)
  to   space 8704K, 0% used [0x00000000da600000,0x00000000da600000,0x00000000dae80000)
 ParOldGen       total 59392K, used 7385K [0x0000000081400000, 0x0000000084e00000, 0x00000000d5c00000)
  object space 59392K, 12% used [0x0000000081400000,0x0000000081b365f8,0x0000000084e00000)
 Metaspace       used 31356K, capacity 32460K, committed 32560K, reserved 1077248K
  class space    used 4394K, capacity 4632K, committed 4656K, reserved 1048576K
}
Event: 15.570 GC heap before
{Heap before GC invocations=10 (full 1):
 PSYoungGen      total 84992K, used 81646K [0x00000000d5c00000, 0x00000000dc280000, 0x0000000100000000)
  eden space 75776K, 100% used [0x00000000d5c00000,0x00000000da600000,0x00000000da600000)
  from space 9216K, 63% used [0x00000000dae80000,0x00000000db43b890,0x00000000db780000)
  to   space 8704K, 0% used [0x00000000da600000,0x00000000da600000,0x00000000dae80000)
 ParOldGen       total 59392K, used 7385K [0x0000000081400000, 0x0000000084e00000, 0x00000000d5c00000)
  object space 59392K, 12% used [0x0000000081400000,0x0000000081b365f8,0x0000000084e00000)
 Metaspace       used 32338K, capacity 33520K, committed 33712K, reserved 1079296K
  class space    used 4515K, capacity 4784K, committed 4784K, reserved 1048576K
Event: 15.577 GC heap after
Heap after GC invocations=10 (full 1):
 PSYoungGen      total 84480K, used 8108K [0x00000000d5c00000, 0x00000000dca00000, 0x0000000100000000)
  eden space 75776K, 0% used [0x00000000d5c00000,0x00000000d5c00000,0x00000000da600000)
  from space 8704K, 93% used [0x00000000da600000,0x00000000dadeb098,0x00000000dae80000)
  to   space 9728K, 0% used [0x00000000dc080000,0x00000000dc080000,0x00000000dca00000)
 ParOldGen       total 59392K, used 9697K [0x0000000081400000, 0x0000000084e00000, 0x00000000d5c00000)
  object space 59392K, 16% used [0x0000000081400000,0x0000000081d78608,0x0000000084e00000)
 Metaspace       used 32338K, capacity 33520K, committed 33712K, reserved 1079296K
  class space    used 4515K, capacity 4784K, committed 4784K, reserved 1048576K
}

