<?xml version="1.0" encoding="UTF-8"?><testsuite errors="0" failures="1" name="Academy Choucair" skipped="0" tests="1" time="31.35" timestamp="2021-01-04 03:13:55"><testcase name="Search for automation course"><failure message="Expected enabled element was not enabled" type="net.thucydides.core.webdriver.exceptions.ElementShouldBeEnabledException">Expected enabled element was not enabled</failure><system-err>Expected enabled element was not enabled&#13;
co.com.choucair.certification.Proyecto1.tasks.Search.performAs(Search.java:25)&#13;
co.com.choucair.certification.Proyecto1.stepdefinitions.ChoucairAcademyStepDefinitions.heSearchForTheCourseRecursosAtomatizacionBancolombiaOnTheChoucairAcademyPlataform(ChoucairAcademyStepDefinitions.java:35)&#13;
cucumber.runner.Runner.runPickle(Runner.java:80)&#13;
</system-err></testcase></testsuite>